2022-09-07 13:26:49,578 [INFO] com.example.demo.DiscoverServiceApplication [restartedMain] Starting DiscoverServiceApplication using Java 17.0.2 on VIKAS-VALAK with PID 132 (D:\Pharmacy Management System\discover-service\target\classes started by 91831 in D:\Pharmacy Management System\discover-service)
2022-09-07 13:26:49,579 [INFO] com.example.demo.DiscoverServiceApplication [restartedMain] No active profile set, falling back to 1 default profile: "default"
2022-09-07 13:26:49,623 [INFO] org.springframework.boot.devtools.env.DevToolsPropertyDefaultsPostProcessor [restartedMain] Devtools property defaults active! Set 'spring.devtools.add-properties' to 'false' to disable
2022-09-07 13:26:49,623 [INFO] org.springframework.boot.devtools.env.DevToolsPropertyDefaultsPostProcessor [restartedMain] For additional web related logging consider setting the 'logging.level.web' property to 'DEBUG'
2022-09-07 13:26:50,639 [INFO] org.springframework.cloud.context.scope.GenericScope [restartedMain] BeanFactory id=76e9b334-ea99-30c2-afa3-ffc0a27e6976
2022-09-07 13:26:50,681 [INFO] org.springframework.context.support.PostProcessorRegistrationDelegate$BeanPostProcessorChecker [restartedMain] Bean 'org.springframework.ws.config.annotation.DelegatingWsConfiguration' of type [org.springframework.ws.config.annotation.DelegatingWsConfiguration$$EnhancerBySpringCGLIB$$6559a3e4] is not eligible for getting processed by all BeanPostProcessors (for example: not eligible for auto-proxying)
2022-09-07 13:26:50,725 [INFO] org.springframework.ws.soap.addressing.server.AnnotationActionEndpointMapping [restartedMain] Supporting [WS-Addressing August 2004, WS-Addressing 1.0]
2022-09-07 13:26:51,184 [INFO] org.springframework.boot.web.embedded.tomcat.TomcatWebServer [restartedMain] Tomcat initialized with port(s): 8761 (http)
2022-09-07 13:26:51,194 [INFO] org.apache.catalina.core.StandardService [restartedMain] Starting service [Tomcat]
2022-09-07 13:26:51,194 [INFO] org.apache.catalina.core.StandardEngine [restartedMain] Starting Servlet engine: [Apache Tomcat/9.0.65]
2022-09-07 13:26:51,274 [INFO] org.apache.catalina.core.ContainerBase.[Tomcat].[localhost].[/] [restartedMain] Initializing Spring embedded WebApplicationContext
2022-09-07 13:26:51,274 [INFO] org.springframework.boot.web.servlet.context.ServletWebServerApplicationContext [restartedMain] Root WebApplicationContext: initialization completed in 1650 ms
2022-09-07 13:26:51,727 [INFO] com.sun.jersey.server.impl.application.WebApplicationImpl [restartedMain] Initiating Jersey application, version 'Jersey: 1.19.4 05/24/2017 03:20 PM'
2022-09-07 13:26:51,795 [INFO] com.netflix.discovery.provider.DiscoveryJerseyProvider [restartedMain] Using JSON encoding codec LegacyJacksonJson
2022-09-07 13:26:51,796 [INFO] com.netflix.discovery.provider.DiscoveryJerseyProvider [restartedMain] Using JSON decoding codec LegacyJacksonJson
2022-09-07 13:26:52,051 [INFO] com.netflix.discovery.provider.DiscoveryJerseyProvider [restartedMain] Using XML encoding codec XStreamXml
2022-09-07 13:26:52,051 [INFO] com.netflix.discovery.provider.DiscoveryJerseyProvider [restartedMain] Using XML decoding codec XStreamXml
2022-09-07 13:26:53,786 [INFO] org.springframework.boot.devtools.autoconfigure.OptionalLiveReloadServer [restartedMain] LiveReload server is running on port 35729
2022-09-07 13:26:53,923 [INFO] org.springframework.cloud.netflix.eureka.config.DiscoveryClientOptionalArgsConfiguration [restartedMain] Eureka HTTP Client uses Jersey
2022-09-07 13:26:53,960 [WARN] org.springframework.cloud.loadbalancer.config.LoadBalancerCacheAutoConfiguration$LoadBalancerCaffeineWarnLogger [restartedMain] Spring Cloud LoadBalancer is currently working with the default cache. While this cache implementation is useful for development and tests, it's recommended to use Caffeine cache in production.You can switch to using Caffeine cache, by adding it and org.springframework.cache.caffeine.CaffeineCacheManager to the classpath.
2022-09-07 13:26:53,974 [INFO] org.springframework.cloud.netflix.eureka.InstanceInfoFactory [restartedMain] Setting initial instance status as: STARTING
2022-09-07 13:26:54,000 [INFO] com.netflix.discovery.DiscoveryClient [restartedMain] Initializing Eureka in region us-east-1
2022-09-07 13:26:54,000 [INFO] com.netflix.discovery.DiscoveryClient [restartedMain] Client configured to neither register nor query for data.
2022-09-07 13:26:54,007 [INFO] com.netflix.discovery.DiscoveryClient [restartedMain] Discovery Client initialized at timestamp 1662537414006 with initial instances count: 0
2022-09-07 13:26:54,043 [INFO] com.netflix.eureka.DefaultEurekaServerContext [restartedMain] Initializing ...
2022-09-07 13:26:54,045 [INFO] com.netflix.eureka.cluster.PeerEurekaNodes [restartedMain] Adding new peer nodes [http://localhost:8761/eureka/]
2022-09-07 13:26:54,159 [INFO] com.netflix.discovery.provider.DiscoveryJerseyProvider [restartedMain] Using JSON encoding codec LegacyJacksonJson
2022-09-07 13:26:54,160 [INFO] com.netflix.discovery.provider.DiscoveryJerseyProvider [restartedMain] Using JSON decoding codec LegacyJacksonJson
2022-09-07 13:26:54,160 [INFO] com.netflix.discovery.provider.DiscoveryJerseyProvider [restartedMain] Using XML encoding codec XStreamXml
2022-09-07 13:26:54,160 [INFO] com.netflix.discovery.provider.DiscoveryJerseyProvider [restartedMain] Using XML decoding codec XStreamXml
2022-09-07 13:26:54,292 [INFO] com.netflix.eureka.cluster.PeerEurekaNodes [restartedMain] Replica node URL:  http://localhost:8761/eureka/
2022-09-07 13:26:54,323 [INFO] com.netflix.eureka.registry.AbstractInstanceRegistry [restartedMain] Finished initializing remote region registries. All known remote regions: []
2022-09-07 13:26:54,330 [INFO] com.netflix.eureka.DefaultEurekaServerContext [restartedMain] Initialized
2022-09-07 13:26:54,337 [INFO] org.springframework.boot.actuate.endpoint.web.EndpointLinksResolver [restartedMain] Exposing 1 endpoint(s) beneath base path '/actuator'
2022-09-07 13:26:54,386 [INFO] org.springframework.cloud.netflix.eureka.serviceregistry.EurekaServiceRegistry [restartedMain] Registering application UNKNOWN with eureka with status UP
2022-09-07 13:26:54,398 [INFO] org.springframework.cloud.netflix.eureka.server.EurekaServerBootstrap [Thread-15] isAws returned false
2022-09-07 13:26:54,399 [INFO] org.springframework.cloud.netflix.eureka.server.EurekaServerBootstrap [Thread-15] Initialized server context
2022-09-07 13:26:54,399 [INFO] com.netflix.eureka.registry.PeerAwareInstanceRegistryImpl [Thread-15] Got 1 instances from neighboring DS node
2022-09-07 13:26:54,399 [INFO] com.netflix.eureka.registry.PeerAwareInstanceRegistryImpl [Thread-15] Renew threshold is: 1
2022-09-07 13:26:54,399 [INFO] com.netflix.eureka.registry.PeerAwareInstanceRegistryImpl [Thread-15] Changing status to UP
2022-09-07 13:26:54,444 [INFO] org.springframework.boot.web.embedded.tomcat.TomcatWebServer [restartedMain] Tomcat started on port(s): 8761 (http) with context path ''
2022-09-07 13:26:54,445 [INFO] org.springframework.cloud.netflix.eureka.serviceregistry.EurekaAutoServiceRegistration [restartedMain] Updating port to 8761
2022-09-07 13:26:54,481 [INFO] org.springframework.cloud.netflix.eureka.server.EurekaServerInitializerConfiguration [Thread-15] Started Eureka Server
2022-09-07 13:26:54,601 [INFO] com.example.demo.DiscoverServiceApplication [restartedMain] Started DiscoverServiceApplication in 5.559 seconds (JVM running for 6.345)
2022-09-07 13:26:54,607 [INFO] com.example.demo.DiscoverServiceApplication [restartedMain] Discover service is Up and running 
2022-09-07 13:27:34,203 [INFO] org.apache.catalina.core.ContainerBase.[Tomcat].[localhost].[/] [RMI TCP Connection(4)-127.0.0.1] Initializing Spring DispatcherServlet 'dispatcherServlet'
2022-09-07 13:27:34,203 [INFO] org.springframework.web.servlet.DispatcherServlet [RMI TCP Connection(4)-127.0.0.1] Initializing Servlet 'dispatcherServlet'
2022-09-07 13:27:34,205 [INFO] org.springframework.web.servlet.DispatcherServlet [RMI TCP Connection(4)-127.0.0.1] Completed initialization in 2 ms
2022-09-07 13:27:54,401 [INFO] com.netflix.eureka.registry.AbstractInstanceRegistry [Eureka-EvictionTimer] Running the evict task with compensationTime 0ms
2022-09-07 13:28:54,404 [INFO] com.netflix.eureka.registry.AbstractInstanceRegistry [Eureka-EvictionTimer] Running the evict task with compensationTime 2ms
2022-09-07 13:29:54,404 [INFO] com.netflix.eureka.registry.AbstractInstanceRegistry [Eureka-EvictionTimer] Running the evict task with compensationTime 0ms
2022-09-07 13:30:54,409 [INFO] com.netflix.eureka.registry.AbstractInstanceRegistry [Eureka-EvictionTimer] Running the evict task with compensationTime 4ms
2022-09-07 13:31:54,410 [INFO] com.netflix.eureka.registry.AbstractInstanceRegistry [Eureka-EvictionTimer] Running the evict task with compensationTime 0ms
2022-09-07 13:32:04,948 [INFO] org.springframework.cloud.netflix.eureka.serviceregistry.EurekaServiceRegistry [Thread-7] Unregistering application UNKNOWN with eureka with status DOWN
2022-09-07 13:32:04,974 [INFO] org.springframework.cloud.netflix.eureka.server.EurekaServerBootstrap [Thread-7] Shutting down Eureka Server..
2022-09-07 13:32:05,016 [INFO] com.netflix.eureka.DefaultEurekaServerContext [Thread-7] Shutting down ...
2022-09-07 13:32:05,197 [INFO] com.netflix.eureka.DefaultEurekaServerContext [Thread-7] Shut down
2022-09-07 13:32:05,198 [INFO] org.springframework.cloud.netflix.eureka.server.EurekaServerBootstrap [Thread-7] Eureka Service is now shutdown...
2022-09-07 13:32:05,198 [INFO] com.netflix.eureka.DefaultEurekaServerContext [Thread-7] Shutting down ...
2022-09-07 13:32:05,260 [INFO] com.netflix.eureka.DefaultEurekaServerContext [Thread-7] Shut down
2022-09-07 13:32:05,296 [INFO] com.netflix.discovery.DiscoveryClient [Thread-7] Shutting down DiscoveryClient ...
2022-09-07 13:32:05,304 [INFO] com.netflix.discovery.DiscoveryClient [Thread-7] Completed shut down of DiscoveryClient
2022-09-07 13:32:05,503 [INFO] com.example.demo.DiscoverServiceApplication [restartedMain] Starting DiscoverServiceApplication using Java 17.0.2 on VIKAS-VALAK with PID 132 (D:\Pharmacy Management System\discover-service\target\classes started by 91831 in D:\Pharmacy Management System\discover-service)
2022-09-07 13:32:05,503 [INFO] com.example.demo.DiscoverServiceApplication [restartedMain] No active profile set, falling back to 1 default profile: "default"
2022-09-07 13:32:05,768 [INFO] org.springframework.cloud.context.scope.GenericScope [restartedMain] BeanFactory id=76e9b334-ea99-30c2-afa3-ffc0a27e6976
2022-09-07 13:32:05,774 [INFO] org.springframework.context.support.PostProcessorRegistrationDelegate$BeanPostProcessorChecker [restartedMain] Bean 'org.springframework.ws.config.annotation.DelegatingWsConfiguration' of type [org.springframework.ws.config.annotation.DelegatingWsConfiguration$$EnhancerBySpringCGLIB$$6559a3e4] is not eligible for getting processed by all BeanPostProcessors (for example: not eligible for auto-proxying)
2022-09-07 13:32:05,775 [INFO] org.springframework.ws.soap.addressing.server.AnnotationActionEndpointMapping [restartedMain] Supporting [WS-Addressing August 2004, WS-Addressing 1.0]
2022-09-07 13:32:05,813 [INFO] org.springframework.boot.web.embedded.tomcat.TomcatWebServer [restartedMain] Tomcat initialized with port(s): 8761 (http)
2022-09-07 13:32:05,813 [INFO] org.apache.catalina.core.StandardService [restartedMain] Starting service [Tomcat]
2022-09-07 13:32:05,813 [INFO] org.apache.catalina.core.StandardEngine [restartedMain] Starting Servlet engine: [Apache Tomcat/9.0.65]
2022-09-07 13:32:05,838 [INFO] org.apache.catalina.core.ContainerBase.[Tomcat].[localhost].[/] [restartedMain] Initializing Spring embedded WebApplicationContext
2022-09-07 13:32:05,838 [INFO] org.springframework.boot.web.servlet.context.ServletWebServerApplicationContext [restartedMain] Root WebApplicationContext: initialization completed in 333 ms
2022-09-07 13:32:05,953 [INFO] com.sun.jersey.server.impl.application.WebApplicationImpl [restartedMain] Initiating Jersey application, version 'Jersey: 1.19.4 05/24/2017 03:20 PM'
2022-09-07 13:32:05,958 [INFO] com.netflix.discovery.provider.DiscoveryJerseyProvider [restartedMain] Using JSON encoding codec LegacyJacksonJson
2022-09-07 13:32:05,958 [INFO] com.netflix.discovery.provider.DiscoveryJerseyProvider [restartedMain] Using JSON decoding codec LegacyJacksonJson
2022-09-07 13:32:05,958 [INFO] com.netflix.discovery.provider.DiscoveryJerseyProvider [restartedMain] Using XML encoding codec XStreamXml
2022-09-07 13:32:05,958 [INFO] com.netflix.discovery.provider.DiscoveryJerseyProvider [restartedMain] Using XML decoding codec XStreamXml
2022-09-07 13:32:06,784 [INFO] org.springframework.boot.devtools.autoconfigure.OptionalLiveReloadServer [restartedMain] LiveReload server is running on port 35729
2022-09-07 13:32:06,905 [INFO] org.springframework.cloud.netflix.eureka.config.DiscoveryClientOptionalArgsConfiguration [restartedMain] Eureka HTTP Client uses Jersey
2022-09-07 13:32:06,917 [WARN] org.springframework.cloud.loadbalancer.config.LoadBalancerCacheAutoConfiguration$LoadBalancerCaffeineWarnLogger [restartedMain] Spring Cloud LoadBalancer is currently working with the default cache. While this cache implementation is useful for development and tests, it's recommended to use Caffeine cache in production.You can switch to using Caffeine cache, by adding it and org.springframework.cache.caffeine.CaffeineCacheManager to the classpath.
2022-09-07 13:32:06,919 [INFO] org.springframework.cloud.netflix.eureka.InstanceInfoFactory [restartedMain] Setting initial instance status as: STARTING
2022-09-07 13:32:06,920 [INFO] com.netflix.discovery.DiscoveryClient [restartedMain] Initializing Eureka in region us-east-1
2022-09-07 13:32:06,920 [INFO] com.netflix.discovery.DiscoveryClient [restartedMain] Client configured to neither register nor query for data.
2022-09-07 13:32:06,920 [INFO] com.netflix.discovery.DiscoveryClient [restartedMain] Discovery Client initialized at timestamp 1662537726920 with initial instances count: 0
2022-09-07 13:32:06,922 [INFO] com.netflix.eureka.DefaultEurekaServerContext [restartedMain] Initializing ...
2022-09-07 13:32:06,923 [INFO] com.netflix.eureka.cluster.PeerEurekaNodes [restartedMain] Adding new peer nodes [http://localhost:8761/eureka/]
2022-09-07 13:32:06,941 [INFO] com.netflix.discovery.provider.DiscoveryJerseyProvider [restartedMain] Using JSON encoding codec LegacyJacksonJson
2022-09-07 13:32:06,941 [INFO] com.netflix.discovery.provider.DiscoveryJerseyProvider [restartedMain] Using JSON decoding codec LegacyJacksonJson
2022-09-07 13:32:06,941 [INFO] com.netflix.discovery.provider.DiscoveryJerseyProvider [restartedMain] Using XML encoding codec XStreamXml
2022-09-07 13:32:06,941 [INFO] com.netflix.discovery.provider.DiscoveryJerseyProvider [restartedMain] Using XML decoding codec XStreamXml
2022-09-07 13:32:06,991 [WARN] org.springframework.boot.web.servlet.context.AnnotationConfigServletWebServerApplicationContext [restartedMain] Exception encountered during context initialization - cancelling refresh attempt: org.springframework.beans.factory.UnsatisfiedDependencyException: Error creating bean with name 'org.springframework.cloud.netflix.eureka.server.EurekaServerInitializerConfiguration': Unsatisfied dependency expressed through field 'eurekaServerBootstrap'; nested exception is org.springframework.beans.factory.UnsatisfiedDependencyException: Error creating bean with name 'eurekaServerBootstrap' defined in class path resource [org/springframework/cloud/netflix/eureka/server/EurekaServerAutoConfiguration.class]: Unsatisfied dependency expressed through method 'eurekaServerBootstrap' parameter 1; nested exception is org.springframework.beans.factory.BeanCreationException: Error creating bean with name 'eurekaServerContext': Invocation of init method failed; nested exception is java.lang.IllegalStateException: java.util.concurrent.RejectedExecutionException: Task java.util.concurrent.ScheduledThreadPoolExecutor$ScheduledFutureTask@7c0b2727[Not completed, task = java.util.concurrent.Executors$RunnableAdapter@7713245e[Wrapped task = com.netflix.servo.monitor.StatsMonitor$$Lambda$1049/0x0000000100813188@401990d6]] rejected from java.util.concurrent.ScheduledThreadPoolExecutor@3d2dd5e6[Terminated, pool size = 0, active threads = 0, queued tasks = 0, completed tasks = 20]
2022-09-07 13:32:07,001 [ERROR] com.netflix.eureka.registry.PeerAwareInstanceRegistryImpl [restartedMain] Cannot shutdown ReplicaAwareInstanceRegistry
java.lang.NullPointerException: Cannot invoke "com.netflix.eureka.cluster.PeerEurekaNodes.shutdown()" because "this.peerEurekaNodes" is null
	at com.netflix.eureka.registry.PeerAwareInstanceRegistryImpl.shutdown(PeerAwareInstanceRegistryImpl.java:176) ~[eureka-core-1.10.17.jar:1.10.17]
	at java.base/jdk.internal.reflect.NativeMethodAccessorImpl.invoke0(Native Method) ~[na:na]
	at java.base/jdk.internal.reflect.NativeMethodAccessorImpl.invoke(NativeMethodAccessorImpl.java:77) ~[na:na]
	at java.base/jdk.internal.reflect.DelegatingMethodAccessorImpl.invoke(DelegatingMethodAccessorImpl.java:43) ~[na:na]
	at java.base/java.lang.reflect.Method.invoke(Method.java:568) ~[na:na]
	at org.springframework.beans.factory.support.DisposableBeanAdapter.invokeCustomDestroyMethod(DisposableBeanAdapter.java:319) ~[spring-beans-5.3.22.jar:5.3.22]
	at org.springframework.beans.factory.support.DisposableBeanAdapter.destroy(DisposableBeanAdapter.java:253) ~[spring-beans-5.3.22.jar:5.3.22]
	at org.springframework.beans.factory.support.DefaultSingletonBeanRegistry.destroyBean(DefaultSingletonBeanRegistry.java:587) ~[spring-beans-5.3.22.jar:5.3.22]
	at org.springframework.beans.factory.support.DefaultSingletonBeanRegistry.destroySingleton(DefaultSingletonBeanRegistry.java:559) ~[spring-beans-5.3.22.jar:5.3.22]
	at org.springframework.beans.factory.support.DefaultListableBeanFactory.destroySingleton(DefaultListableBeanFactory.java:1163) ~[spring-beans-5.3.22.jar:5.3.22]
	at org.springframework.beans.factory.support.DefaultSingletonBeanRegistry.destroySingletons(DefaultSingletonBeanRegistry.java:520) ~[spring-beans-5.3.22.jar:5.3.22]
	at org.springframework.beans.factory.support.DefaultListableBeanFactory.destroySingletons(DefaultListableBeanFactory.java:1156) ~[spring-beans-5.3.22.jar:5.3.22]
	at org.springframework.context.support.AbstractApplicationContext.destroyBeans(AbstractApplicationContext.java:1106) ~[spring-context-5.3.22.jar:5.3.22]
	at org.springframework.context.support.AbstractApplicationContext.refresh(AbstractApplicationContext.java:596) ~[spring-context-5.3.22.jar:5.3.22]
	at org.springframework.boot.web.servlet.context.ServletWebServerApplicationContext.refresh(ServletWebServerApplicationContext.java:147) ~[spring-boot-2.7.2.jar:2.7.2]
	at org.springframework.boot.SpringApplication.refresh(SpringApplication.java:734) ~[spring-boot-2.7.2.jar:2.7.2]
	at org.springframework.boot.SpringApplication.refreshContext(SpringApplication.java:408) ~[spring-boot-2.7.2.jar:2.7.2]
	at org.springframework.boot.SpringApplication.run(SpringApplication.java:308) ~[spring-boot-2.7.2.jar:2.7.2]
	at org.springframework.boot.SpringApplication.run(SpringApplication.java:1306) ~[spring-boot-2.7.2.jar:2.7.2]
	at org.springframework.boot.SpringApplication.run(SpringApplication.java:1295) ~[spring-boot-2.7.2.jar:2.7.2]
	at com.example.demo.DiscoverServiceApplication.main(DiscoverServiceApplication.java:16) ~[classes/:na]
	at java.base/jdk.internal.reflect.NativeMethodAccessorImpl.invoke0(Native Method) ~[na:na]
	at java.base/jdk.internal.reflect.NativeMethodAccessorImpl.invoke(NativeMethodAccessorImpl.java:77) ~[na:na]
	at java.base/jdk.internal.reflect.DelegatingMethodAccessorImpl.invoke(DelegatingMethodAccessorImpl.java:43) ~[na:na]
	at java.base/java.lang.reflect.Method.invoke(Method.java:568) ~[na:na]
	at org.springframework.boot.devtools.restart.RestartLauncher.run(RestartLauncher.java:49) ~[spring-boot-devtools-2.7.2.jar:2.7.2]
2022-09-07 13:32:07,002 [WARN] org.springframework.beans.factory.support.DisposableBeanAdapter [restartedMain] Custom destroy method 'shutdown' on bean with name 'peerAwareInstanceRegistry' threw an exception: java.lang.NullPointerException: Cannot invoke "com.netflix.eureka.registry.ResponseCache.stop()" because "this.responseCache" is null
2022-09-07 13:32:07,004 [INFO] com.netflix.discovery.DiscoveryClient [restartedMain] Shutting down DiscoveryClient ...
2022-09-07 13:32:07,011 [INFO] com.netflix.discovery.DiscoveryClient [restartedMain] Completed shut down of DiscoveryClient
2022-09-07 13:32:07,011 [INFO] org.apache.catalina.core.StandardService [restartedMain] Stopping service [Tomcat]
2022-09-07 13:32:07,023 [INFO] org.springframework.boot.autoconfigure.logging.ConditionEvaluationReportLoggingListener [restartedMain] 

Error starting ApplicationContext. To display the conditions report re-run your application with 'debug' enabled.
2022-09-07 13:32:07,045 [ERROR] org.springframework.boot.SpringApplication [restartedMain] Application run failed
org.springframework.beans.factory.UnsatisfiedDependencyException: Error creating bean with name 'org.springframework.cloud.netflix.eureka.server.EurekaServerInitializerConfiguration': Unsatisfied dependency expressed through field 'eurekaServerBootstrap'; nested exception is org.springframework.beans.factory.UnsatisfiedDependencyException: Error creating bean with name 'eurekaServerBootstrap' defined in class path resource [org/springframework/cloud/netflix/eureka/server/EurekaServerAutoConfiguration.class]: Unsatisfied dependency expressed through method 'eurekaServerBootstrap' parameter 1; nested exception is org.springframework.beans.factory.BeanCreationException: Error creating bean with name 'eurekaServerContext': Invocation of init method failed; nested exception is java.lang.IllegalStateException: java.util.concurrent.RejectedExecutionException: Task java.util.concurrent.ScheduledThreadPoolExecutor$ScheduledFutureTask@7c0b2727[Not completed, task = java.util.concurrent.Executors$RunnableAdapter@7713245e[Wrapped task = com.netflix.servo.monitor.StatsMonitor$$Lambda$1049/0x0000000100813188@401990d6]] rejected from java.util.concurrent.ScheduledThreadPoolExecutor@3d2dd5e6[Terminated, pool size = 0, active threads = 0, queued tasks = 0, completed tasks = 20]
	at org.springframework.beans.factory.annotation.AutowiredAnnotationBeanPostProcessor$AutowiredFieldElement.resolveFieldValue(AutowiredAnnotationBeanPostProcessor.java:659) ~[spring-beans-5.3.22.jar:5.3.22]
	at org.springframework.beans.factory.annotation.AutowiredAnnotationBeanPostProcessor$AutowiredFieldElement.inject(AutowiredAnnotationBeanPostProcessor.java:639) ~[spring-beans-5.3.22.jar:5.3.22]
	at org.springframework.beans.factory.annotation.InjectionMetadata.inject(InjectionMetadata.java:119) ~[spring-beans-5.3.22.jar:5.3.22]
	at org.springframework.beans.factory.annotation.AutowiredAnnotationBeanPostProcessor.postProcessProperties(AutowiredAnnotationBeanPostProcessor.java:399) ~[spring-beans-5.3.22.jar:5.3.22]
	at org.springframework.beans.factory.support.AbstractAutowireCapableBeanFactory.populateBean(AbstractAutowireCapableBeanFactory.java:1431) ~[spring-beans-5.3.22.jar:5.3.22]
	at org.springframework.beans.factory.support.AbstractAutowireCapableBeanFactory.doCreateBean(AbstractAutowireCapableBeanFactory.java:619) ~[spring-beans-5.3.22.jar:5.3.22]
	at org.springframework.beans.factory.support.AbstractAutowireCapableBeanFactory.createBean(AbstractAutowireCapableBeanFactory.java:542) ~[spring-beans-5.3.22.jar:5.3.22]
	at org.springframework.beans.factory.support.AbstractBeanFactory.lambda$doGetBean$0(AbstractBeanFactory.java:335) ~[spring-beans-5.3.22.jar:5.3.22]
	at org.springframework.beans.factory.support.DefaultSingletonBeanRegistry.getSingleton(DefaultSingletonBeanRegistry.java:234) ~[spring-beans-5.3.22.jar:5.3.22]
	at org.springframework.beans.factory.support.AbstractBeanFactory.doGetBean(AbstractBeanFactory.java:333) ~[spring-beans-5.3.22.jar:5.3.22]
	at org.springframework.beans.factory.support.AbstractBeanFactory.getBean(AbstractBeanFactory.java:208) ~[spring-beans-5.3.22.jar:5.3.22]
	at org.springframework.beans.factory.support.DefaultListableBeanFactory.preInstantiateSingletons(DefaultListableBeanFactory.java:955) ~[spring-beans-5.3.22.jar:5.3.22]
	at org.springframework.context.support.AbstractApplicationContext.finishBeanFactoryInitialization(AbstractApplicationContext.java:918) ~[spring-context-5.3.22.jar:5.3.22]
	at org.springframework.context.support.AbstractApplicationContext.refresh(AbstractApplicationContext.java:583) ~[spring-context-5.3.22.jar:5.3.22]
	at org.springframework.boot.web.servlet.context.ServletWebServerApplicationContext.refresh(ServletWebServerApplicationContext.java:147) ~[spring-boot-2.7.2.jar:2.7.2]
	at org.springframework.boot.SpringApplication.refresh(SpringApplication.java:734) ~[spring-boot-2.7.2.jar:2.7.2]
	at org.springframework.boot.SpringApplication.refreshContext(SpringApplication.java:408) ~[spring-boot-2.7.2.jar:2.7.2]
	at org.springframework.boot.SpringApplication.run(SpringApplication.java:308) ~[spring-boot-2.7.2.jar:2.7.2]
	at org.springframework.boot.SpringApplication.run(SpringApplication.java:1306) ~[spring-boot-2.7.2.jar:2.7.2]
	at org.springframework.boot.SpringApplication.run(SpringApplication.java:1295) ~[spring-boot-2.7.2.jar:2.7.2]
	at com.example.demo.DiscoverServiceApplication.main(DiscoverServiceApplication.java:16) ~[classes/:na]
	at java.base/jdk.internal.reflect.NativeMethodAccessorImpl.invoke0(Native Method) ~[na:na]
	at java.base/jdk.internal.reflect.NativeMethodAccessorImpl.invoke(NativeMethodAccessorImpl.java:77) ~[na:na]
	at java.base/jdk.internal.reflect.DelegatingMethodAccessorImpl.invoke(DelegatingMethodAccessorImpl.java:43) ~[na:na]
	at java.base/java.lang.reflect.Method.invoke(Method.java:568) ~[na:na]
	at org.springframework.boot.devtools.restart.RestartLauncher.run(RestartLauncher.java:49) ~[spring-boot-devtools-2.7.2.jar:2.7.2]
Caused by: org.springframework.beans.factory.UnsatisfiedDependencyException: Error creating bean with name 'eurekaServerBootstrap' defined in class path resource [org/springframework/cloud/netflix/eureka/server/EurekaServerAutoConfiguration.class]: Unsatisfied dependency expressed through method 'eurekaServerBootstrap' parameter 1; nested exception is org.springframework.beans.factory.BeanCreationException: Error creating bean with name 'eurekaServerContext': Invocation of init method failed; nested exception is java.lang.IllegalStateException: java.util.concurrent.RejectedExecutionException: Task java.util.concurrent.ScheduledThreadPoolExecutor$ScheduledFutureTask@7c0b2727[Not completed, task = java.util.concurrent.Executors$RunnableAdapter@7713245e[Wrapped task = com.netflix.servo.monitor.StatsMonitor$$Lambda$1049/0x0000000100813188@401990d6]] rejected from java.util.concurrent.ScheduledThreadPoolExecutor@3d2dd5e6[Terminated, pool size = 0, active threads = 0, queued tasks = 0, completed tasks = 20]
	at org.springframework.beans.factory.support.ConstructorResolver.createArgumentArray(ConstructorResolver.java:800) ~[spring-beans-5.3.22.jar:5.3.22]
	at org.springframework.beans.factory.support.ConstructorResolver.instantiateUsingFactoryMethod(ConstructorResolver.java:541) ~[spring-beans-5.3.22.jar:5.3.22]
	at org.springframework.beans.factory.support.AbstractAutowireCapableBeanFactory.instantiateUsingFactoryMethod(AbstractAutowireCapableBeanFactory.java:1352) ~[spring-beans-5.3.22.jar:5.3.22]
	at org.springframework.beans.factory.support.AbstractAutowireCapableBeanFactory.createBeanInstance(AbstractAutowireCapableBeanFactory.java:1195) ~[spring-beans-5.3.22.jar:5.3.22]
	at org.springframework.beans.factory.support.AbstractAutowireCapableBeanFactory.doCreateBean(AbstractAutowireCapableBeanFactory.java:582) ~[spring-beans-5.3.22.jar:5.3.22]
	at org.springframework.beans.factory.support.AbstractAutowireCapableBeanFactory.createBean(AbstractAutowireCapableBeanFactory.java:542) ~[spring-beans-5.3.22.jar:5.3.22]
	at org.springframework.beans.factory.support.AbstractBeanFactory.lambda$doGetBean$0(AbstractBeanFactory.java:335) ~[spring-beans-5.3.22.jar:5.3.22]
	at org.springframework.beans.factory.support.DefaultSingletonBeanRegistry.getSingleton(DefaultSingletonBeanRegistry.java:234) ~[spring-beans-5.3.22.jar:5.3.22]
	at org.springframework.beans.factory.support.AbstractBeanFactory.doGetBean(AbstractBeanFactory.java:333) ~[spring-beans-5.3.22.jar:5.3.22]
	at org.springframework.beans.factory.support.AbstractBeanFactory.getBean(AbstractBeanFactory.java:208) ~[spring-beans-5.3.22.jar:5.3.22]
	at org.springframework.beans.factory.config.DependencyDescriptor.resolveCandidate(DependencyDescriptor.java:276) ~[spring-beans-5.3.22.jar:5.3.22]
	at org.springframework.beans.factory.support.DefaultListableBeanFactory.doResolveDependency(DefaultListableBeanFactory.java:1391) ~[spring-beans-5.3.22.jar:5.3.22]
	at org.springframework.beans.factory.support.DefaultListableBeanFactory.resolveDependency(DefaultListableBeanFactory.java:1311) ~[spring-beans-5.3.22.jar:5.3.22]
	at org.springframework.beans.factory.annotation.AutowiredAnnotationBeanPostProcessor$AutowiredFieldElement.resolveFieldValue(AutowiredAnnotationBeanPostProcessor.java:656) ~[spring-beans-5.3.22.jar:5.3.22]
	... 25 common frames omitted
Caused by: org.springframework.beans.factory.BeanCreationException: Error creating bean with name 'eurekaServerContext': Invocation of init method failed; nested exception is java.lang.IllegalStateException: java.util.concurrent.RejectedExecutionException: Task java.util.concurrent.ScheduledThreadPoolExecutor$ScheduledFutureTask@7c0b2727[Not completed, task = java.util.concurrent.Executors$RunnableAdapter@7713245e[Wrapped task = com.netflix.servo.monitor.StatsMonitor$$Lambda$1049/0x0000000100813188@401990d6]] rejected from java.util.concurrent.ScheduledThreadPoolExecutor@3d2dd5e6[Terminated, pool size = 0, active threads = 0, queued tasks = 0, completed tasks = 20]
	at org.springframework.beans.factory.annotation.InitDestroyAnnotationBeanPostProcessor.postProcessBeforeInitialization(InitDestroyAnnotationBeanPostProcessor.java:160) ~[spring-beans-5.3.22.jar:5.3.22]
	at org.springframework.beans.factory.support.AbstractAutowireCapableBeanFactory.applyBeanPostProcessorsBeforeInitialization(AbstractAutowireCapableBeanFactory.java:440) ~[spring-beans-5.3.22.jar:5.3.22]
	at org.springframework.beans.factory.support.AbstractAutowireCapableBeanFactory.initializeBean(AbstractAutowireCapableBeanFactory.java:1796) ~[spring-beans-5.3.22.jar:5.3.22]
	at org.springframework.beans.factory.support.AbstractAutowireCapableBeanFactory.doCreateBean(AbstractAutowireCapableBeanFactory.java:620) ~[spring-beans-5.3.22.jar:5.3.22]
	at org.springframework.beans.factory.support.AbstractAutowireCapableBeanFactory.createBean(AbstractAutowireCapableBeanFactory.java:542) ~[spring-beans-5.3.22.jar:5.3.22]
	at org.springframework.beans.factory.support.AbstractBeanFactory.lambda$doGetBean$0(AbstractBeanFactory.java:335) ~[spring-beans-5.3.22.jar:5.3.22]
	at org.springframework.beans.factory.support.DefaultSingletonBeanRegistry.getSingleton(DefaultSingletonBeanRegistry.java:234) ~[spring-beans-5.3.22.jar:5.3.22]
	at org.springframework.beans.factory.support.AbstractBeanFactory.doGetBean(AbstractBeanFactory.java:333) ~[spring-beans-5.3.22.jar:5.3.22]
	at org.springframework.beans.factory.support.AbstractBeanFactory.getBean(AbstractBeanFactory.java:208) ~[spring-beans-5.3.22.jar:5.3.22]
	at org.springframework.beans.factory.config.DependencyDescriptor.resolveCandidate(DependencyDescriptor.java:276) ~[spring-beans-5.3.22.jar:5.3.22]
	at org.springframework.beans.factory.support.DefaultListableBeanFactory.doResolveDependency(DefaultListableBeanFactory.java:1391) ~[spring-beans-5.3.22.jar:5.3.22]
	at org.springframework.beans.factory.support.DefaultListableBeanFactory.resolveDependency(DefaultListableBeanFactory.java:1311) ~[spring-beans-5.3.22.jar:5.3.22]
	at org.springframework.beans.factory.support.ConstructorResolver.resolveAutowiredArgument(ConstructorResolver.java:887) ~[spring-beans-5.3.22.jar:5.3.22]
	at org.springframework.beans.factory.support.ConstructorResolver.createArgumentArray(ConstructorResolver.java:791) ~[spring-beans-5.3.22.jar:5.3.22]
	... 38 common frames omitted
Caused by: java.lang.IllegalStateException: java.util.concurrent.RejectedExecutionException: Task java.util.concurrent.ScheduledThreadPoolExecutor$ScheduledFutureTask@7c0b2727[Not completed, task = java.util.concurrent.Executors$RunnableAdapter@7713245e[Wrapped task = com.netflix.servo.monitor.StatsMonitor$$Lambda$1049/0x0000000100813188@401990d6]] rejected from java.util.concurrent.ScheduledThreadPoolExecutor@3d2dd5e6[Terminated, pool size = 0, active threads = 0, queued tasks = 0, completed tasks = 20]
	at com.netflix.eureka.cluster.PeerEurekaNodes.start(PeerEurekaNodes.java:106) ~[eureka-core-1.10.17.jar:1.10.17]
	at com.netflix.eureka.DefaultEurekaServerContext.initialize(DefaultEurekaServerContext.java:67) ~[eureka-core-1.10.17.jar:1.10.17]
	at java.base/jdk.internal.reflect.NativeMethodAccessorImpl.invoke0(Native Method) ~[na:na]
	at java.base/jdk.internal.reflect.NativeMethodAccessorImpl.invoke(NativeMethodAccessorImpl.java:77) ~[na:na]
	at java.base/jdk.internal.reflect.DelegatingMethodAccessorImpl.invoke(DelegatingMethodAccessorImpl.java:43) ~[na:na]
	at java.base/java.lang.reflect.Method.invoke(Method.java:568) ~[na:na]
	at org.springframework.beans.factory.annotation.InitDestroyAnnotationBeanPostProcessor$LifecycleElement.invoke(InitDestroyAnnotationBeanPostProcessor.java:389) ~[spring-beans-5.3.22.jar:5.3.22]
	at org.springframework.beans.factory.annotation.InitDestroyAnnotationBeanPostProcessor$LifecycleMetadata.invokeInitMethods(InitDestroyAnnotationBeanPostProcessor.java:333) ~[spring-beans-5.3.22.jar:5.3.22]
	at org.springframework.beans.factory.annotation.InitDestroyAnnotationBeanPostProcessor.postProcessBeforeInitialization(InitDestroyAnnotationBeanPostProcessor.java:157) ~[spring-beans-5.3.22.jar:5.3.22]
	... 51 common frames omitted
Caused by: java.util.concurrent.RejectedExecutionException: Task java.util.concurrent.ScheduledThreadPoolExecutor$ScheduledFutureTask@7c0b2727[Not completed, task = java.util.concurrent.Executors$RunnableAdapter@7713245e[Wrapped task = com.netflix.servo.monitor.StatsMonitor$$Lambda$1049/0x0000000100813188@401990d6]] rejected from java.util.concurrent.ScheduledThreadPoolExecutor@3d2dd5e6[Terminated, pool size = 0, active threads = 0, queued tasks = 0, completed tasks = 20]
	at java.base/java.util.concurrent.ThreadPoolExecutor$AbortPolicy.rejectedExecution(ThreadPoolExecutor.java:2065) ~[na:na]
	at java.base/java.util.concurrent.ThreadPoolExecutor.reject(ThreadPoolExecutor.java:833) ~[na:na]
	at java.base/java.util.concurrent.ScheduledThreadPoolExecutor.delayedExecute(ScheduledThreadPoolExecutor.java:340) ~[na:na]
	at java.base/java.util.concurrent.ScheduledThreadPoolExecutor.scheduleWithFixedDelay(ScheduledThreadPoolExecutor.java:680) ~[na:na]
	at com.netflix.servo.monitor.StatsMonitor.startComputingStats(StatsMonitor.java:409) ~[servo-core-0.12.21.jar:0.12.21]
	at com.netflix.servo.monitor.StatsMonitor.lambda$new$0(StatsMonitor.java:365) ~[servo-core-0.12.21.jar:0.12.21]
	at com.netflix.servo.monitor.StatsMonitor.startComputingStats(StatsMonitor.java:377) ~[servo-core-0.12.21.jar:0.12.21]
	at com.netflix.servo.monitor.StatsTimer.<init>(StatsTimer.java:70) ~[servo-core-0.12.21.jar:0.12.21]
	at com.netflix.servo.monitor.StatsTimer.<init>(StatsTimer.java:47) ~[servo-core-0.12.21.jar:0.12.21]
	at com.netflix.eureka.util.batcher.AcceptorExecutor.<init>(AcceptorExecutor.java:116) ~[eureka-core-1.10.17.jar:1.10.17]
	at com.netflix.eureka.util.batcher.TaskDispatchers.createBatchingTaskDispatcher(TaskDispatchers.java:43) ~[eureka-core-1.10.17.jar:1.10.17]
	at com.netflix.eureka.cluster.PeerEurekaNode.<init>(PeerEurekaNode.java:104) ~[eureka-core-1.10.17.jar:1.10.17]
	at com.netflix.eureka.cluster.PeerEurekaNode.<init>(PeerEurekaNode.java:87) ~[eureka-core-1.10.17.jar:1.10.17]
	at org.springframework.cloud.netflix.eureka.server.EurekaServerAutoConfiguration$RefreshablePeerEurekaNodes.createPeerEurekaNode(EurekaServerAutoConfiguration.java:297) ~[spring-cloud-netflix-eureka-server-3.1.3.jar:3.1.3]
	at com.netflix.eureka.cluster.PeerEurekaNodes.updatePeerEurekaNodes(PeerEurekaNodes.java:189) ~[eureka-core-1.10.17.jar:1.10.17]
	at com.netflix.eureka.cluster.PeerEurekaNodes.start(PeerEurekaNodes.java:87) ~[eureka-core-1.10.17.jar:1.10.17]
	... 59 common frames omitted
2022-09-07 13:32:11,580 [INFO] com.example.demo.DiscoverServiceApplication [restartedMain] Starting DiscoverServiceApplication using Java 17.0.2 on VIKAS-VALAK with PID 18792 (D:\Pharmacy Management System\discover-service\target\classes started by 91831 in D:\Pharmacy Management System\discover-service)
2022-09-07 13:32:11,581 [INFO] com.example.demo.DiscoverServiceApplication [restartedMain] No active profile set, falling back to 1 default profile: "default"
2022-09-07 13:32:11,638 [INFO] org.springframework.boot.devtools.env.DevToolsPropertyDefaultsPostProcessor [restartedMain] Devtools property defaults active! Set 'spring.devtools.add-properties' to 'false' to disable
2022-09-07 13:32:11,639 [INFO] org.springframework.boot.devtools.env.DevToolsPropertyDefaultsPostProcessor [restartedMain] For additional web related logging consider setting the 'logging.level.web' property to 'DEBUG'
2022-09-07 13:32:12,615 [INFO] org.springframework.cloud.context.scope.GenericScope [restartedMain] BeanFactory id=76e9b334-ea99-30c2-afa3-ffc0a27e6976
2022-09-07 13:32:12,649 [INFO] org.springframework.context.support.PostProcessorRegistrationDelegate$BeanPostProcessorChecker [restartedMain] Bean 'org.springframework.ws.config.annotation.DelegatingWsConfiguration' of type [org.springframework.ws.config.annotation.DelegatingWsConfiguration$$EnhancerBySpringCGLIB$$66a384ee] is not eligible for getting processed by all BeanPostProcessors (for example: not eligible for auto-proxying)
2022-09-07 13:32:12,693 [INFO] org.springframework.ws.soap.addressing.server.AnnotationActionEndpointMapping [restartedMain] Supporting [WS-Addressing August 2004, WS-Addressing 1.0]
2022-09-07 13:32:13,085 [INFO] org.springframework.boot.web.embedded.tomcat.TomcatWebServer [restartedMain] Tomcat initialized with port(s): 8761 (http)
2022-09-07 13:32:13,093 [INFO] org.apache.catalina.core.StandardService [restartedMain] Starting service [Tomcat]
2022-09-07 13:32:13,093 [INFO] org.apache.catalina.core.StandardEngine [restartedMain] Starting Servlet engine: [Apache Tomcat/9.0.65]
2022-09-07 13:32:13,174 [INFO] org.apache.catalina.core.ContainerBase.[Tomcat].[localhost].[/] [restartedMain] Initializing Spring embedded WebApplicationContext
2022-09-07 13:32:13,174 [INFO] org.springframework.boot.web.servlet.context.ServletWebServerApplicationContext [restartedMain] Root WebApplicationContext: initialization completed in 1534 ms
2022-09-07 13:32:13,537 [INFO] com.sun.jersey.server.impl.application.WebApplicationImpl [restartedMain] Initiating Jersey application, version 'Jersey: 1.19.4 05/24/2017 03:20 PM'
2022-09-07 13:32:13,583 [INFO] com.netflix.discovery.provider.DiscoveryJerseyProvider [restartedMain] Using JSON encoding codec LegacyJacksonJson
2022-09-07 13:32:13,584 [INFO] com.netflix.discovery.provider.DiscoveryJerseyProvider [restartedMain] Using JSON decoding codec LegacyJacksonJson
2022-09-07 13:32:13,731 [INFO] com.netflix.discovery.provider.DiscoveryJerseyProvider [restartedMain] Using XML encoding codec XStreamXml
2022-09-07 13:32:13,731 [INFO] com.netflix.discovery.provider.DiscoveryJerseyProvider [restartedMain] Using XML decoding codec XStreamXml
2022-09-07 13:32:15,319 [INFO] org.springframework.boot.devtools.autoconfigure.OptionalLiveReloadServer [restartedMain] LiveReload server is running on port 35729
2022-09-07 13:32:15,475 [INFO] org.springframework.cloud.netflix.eureka.config.DiscoveryClientOptionalArgsConfiguration [restartedMain] Eureka HTTP Client uses Jersey
2022-09-07 13:32:15,498 [INFO] org.apache.catalina.core.ContainerBase.[Tomcat].[localhost].[/] [RMI TCP Connection(3)-127.0.0.1] Initializing Spring DispatcherServlet 'dispatcherServlet'
2022-09-07 13:32:15,498 [INFO] org.springframework.web.servlet.DispatcherServlet [RMI TCP Connection(3)-127.0.0.1] Initializing Servlet 'dispatcherServlet'
2022-09-07 13:32:15,502 [INFO] org.springframework.boot.actuate.endpoint.web.EndpointLinksResolver [RMI TCP Connection(3)-127.0.0.1] Exposing 1 endpoint(s) beneath base path '/actuator'
2022-09-07 13:32:15,508 [INFO] org.springframework.web.servlet.DispatcherServlet [RMI TCP Connection(3)-127.0.0.1] Completed initialization in 10 ms
2022-09-07 13:32:15,530 [WARN] org.springframework.cloud.loadbalancer.config.LoadBalancerCacheAutoConfiguration$LoadBalancerCaffeineWarnLogger [restartedMain] Spring Cloud LoadBalancer is currently working with the default cache. While this cache implementation is useful for development and tests, it's recommended to use Caffeine cache in production.You can switch to using Caffeine cache, by adding it and org.springframework.cache.caffeine.CaffeineCacheManager to the classpath.
2022-09-07 13:32:15,546 [INFO] org.springframework.cloud.netflix.eureka.InstanceInfoFactory [restartedMain] Setting initial instance status as: STARTING
2022-09-07 13:32:15,573 [INFO] com.netflix.discovery.DiscoveryClient [restartedMain] Initializing Eureka in region us-east-1
2022-09-07 13:32:15,573 [INFO] com.netflix.discovery.DiscoveryClient [restartedMain] Client configured to neither register nor query for data.
2022-09-07 13:32:15,580 [INFO] com.netflix.discovery.DiscoveryClient [restartedMain] Discovery Client initialized at timestamp 1662537735579 with initial instances count: 0
2022-09-07 13:32:15,612 [INFO] com.netflix.eureka.DefaultEurekaServerContext [restartedMain] Initializing ...
2022-09-07 13:32:15,614 [INFO] com.netflix.eureka.cluster.PeerEurekaNodes [restartedMain] Adding new peer nodes [http://localhost:8761/eureka/]
2022-09-07 13:32:15,722 [INFO] com.netflix.discovery.provider.DiscoveryJerseyProvider [restartedMain] Using JSON encoding codec LegacyJacksonJson
2022-09-07 13:32:15,722 [INFO] com.netflix.discovery.provider.DiscoveryJerseyProvider [restartedMain] Using JSON decoding codec LegacyJacksonJson
2022-09-07 13:32:15,722 [INFO] com.netflix.discovery.provider.DiscoveryJerseyProvider [restartedMain] Using XML encoding codec XStreamXml
2022-09-07 13:32:15,722 [INFO] com.netflix.discovery.provider.DiscoveryJerseyProvider [restartedMain] Using XML decoding codec XStreamXml
2022-09-07 13:32:15,865 [INFO] com.netflix.eureka.cluster.PeerEurekaNodes [restartedMain] Replica node URL:  http://localhost:8761/eureka/
2022-09-07 13:32:15,893 [INFO] com.netflix.eureka.registry.AbstractInstanceRegistry [restartedMain] Finished initializing remote region registries. All known remote regions: []
2022-09-07 13:32:15,899 [INFO] com.netflix.eureka.DefaultEurekaServerContext [restartedMain] Initialized
2022-09-07 13:32:15,948 [INFO] org.springframework.cloud.netflix.eureka.serviceregistry.EurekaServiceRegistry [restartedMain] Registering application UNKNOWN with eureka with status UP
2022-09-07 13:32:15,959 [INFO] org.springframework.cloud.netflix.eureka.server.EurekaServerBootstrap [Thread-15] isAws returned false
2022-09-07 13:32:15,959 [INFO] org.springframework.cloud.netflix.eureka.server.EurekaServerBootstrap [Thread-15] Initialized server context
2022-09-07 13:32:15,959 [INFO] com.netflix.eureka.registry.PeerAwareInstanceRegistryImpl [Thread-15] Got 1 instances from neighboring DS node
2022-09-07 13:32:15,960 [INFO] com.netflix.eureka.registry.PeerAwareInstanceRegistryImpl [Thread-15] Renew threshold is: 1
2022-09-07 13:32:15,960 [INFO] com.netflix.eureka.registry.PeerAwareInstanceRegistryImpl [Thread-15] Changing status to UP
2022-09-07 13:32:15,972 [INFO] org.springframework.boot.web.embedded.tomcat.TomcatWebServer [restartedMain] Tomcat started on port(s): 8761 (http) with context path ''
2022-09-07 13:32:15,972 [INFO] org.springframework.cloud.netflix.eureka.serviceregistry.EurekaAutoServiceRegistration [restartedMain] Updating port to 8761
2022-09-07 13:32:16,006 [INFO] org.springframework.cloud.netflix.eureka.server.EurekaServerInitializerConfiguration [Thread-15] Started Eureka Server
2022-09-07 13:32:16,106 [INFO] com.example.demo.DiscoverServiceApplication [restartedMain] Started DiscoverServiceApplication in 5.035 seconds (JVM running for 5.788)
2022-09-07 13:32:16,113 [INFO] com.example.demo.DiscoverServiceApplication [restartedMain] DISCOVER SERVICE IS UP AND RUNNING 
2022-09-07 13:32:44,537 [INFO] com.netflix.eureka.registry.AbstractInstanceRegistry [http-nio-8761-exec-2] Registered instance API-GATEWAY/host.docker.internal:api-gateway:8080 with status UP (replication=false)
2022-09-07 13:32:45,126 [INFO] com.netflix.eureka.registry.AbstractInstanceRegistry [http-nio-8761-exec-3] Registered instance API-GATEWAY/host.docker.internal:api-gateway:8080 with status UP (replication=true)
2022-09-07 13:32:54,187 [INFO] org.springframework.cloud.netflix.eureka.serviceregistry.EurekaServiceRegistry [Thread-7] Unregistering application UNKNOWN with eureka with status DOWN
2022-09-07 13:32:54,240 [INFO] org.springframework.cloud.netflix.eureka.server.EurekaServerBootstrap [Thread-7] Shutting down Eureka Server..
2022-09-07 13:32:54,283 [INFO] com.netflix.eureka.DefaultEurekaServerContext [Thread-7] Shutting down ...
2022-09-07 13:32:54,462 [INFO] com.netflix.eureka.DefaultEurekaServerContext [Thread-7] Shut down
2022-09-07 13:32:54,462 [INFO] org.springframework.cloud.netflix.eureka.server.EurekaServerBootstrap [Thread-7] Eureka Service is now shutdown...
2022-09-07 13:32:54,463 [INFO] com.netflix.eureka.DefaultEurekaServerContext [Thread-7] Shutting down ...
2022-09-07 13:32:54,527 [INFO] com.netflix.eureka.DefaultEurekaServerContext [Thread-7] Shut down
2022-09-07 13:32:54,558 [INFO] com.netflix.discovery.DiscoveryClient [Thread-7] Shutting down DiscoveryClient ...
2022-09-07 13:32:54,565 [INFO] com.netflix.discovery.DiscoveryClient [Thread-7] Completed shut down of DiscoveryClient
2022-09-07 13:32:54,748 [INFO] com.example.demo.DiscoverServiceApplication [restartedMain] Starting DiscoverServiceApplication using Java 17.0.2 on VIKAS-VALAK with PID 18792 (D:\Pharmacy Management System\discover-service\target\classes started by 91831 in D:\Pharmacy Management System\discover-service)
2022-09-07 13:32:54,748 [INFO] com.example.demo.DiscoverServiceApplication [restartedMain] No active profile set, falling back to 1 default profile: "default"
2022-09-07 13:32:55,008 [INFO] org.springframework.cloud.context.scope.GenericScope [restartedMain] BeanFactory id=76e9b334-ea99-30c2-afa3-ffc0a27e6976
2022-09-07 13:32:55,014 [INFO] org.springframework.context.support.PostProcessorRegistrationDelegate$BeanPostProcessorChecker [restartedMain] Bean 'org.springframework.ws.config.annotation.DelegatingWsConfiguration' of type [org.springframework.ws.config.annotation.DelegatingWsConfiguration$$EnhancerBySpringCGLIB$$66a384ee] is not eligible for getting processed by all BeanPostProcessors (for example: not eligible for auto-proxying)
2022-09-07 13:32:55,018 [INFO] org.springframework.ws.soap.addressing.server.AnnotationActionEndpointMapping [restartedMain] Supporting [WS-Addressing August 2004, WS-Addressing 1.0]
2022-09-07 13:32:55,052 [INFO] org.springframework.boot.web.embedded.tomcat.TomcatWebServer [restartedMain] Tomcat initialized with port(s): 8761 (http)
2022-09-07 13:32:55,053 [INFO] org.apache.catalina.core.StandardService [restartedMain] Starting service [Tomcat]
2022-09-07 13:32:55,053 [INFO] org.apache.catalina.core.StandardEngine [restartedMain] Starting Servlet engine: [Apache Tomcat/9.0.65]
2022-09-07 13:32:55,077 [INFO] org.apache.catalina.core.ContainerBase.[Tomcat].[localhost].[/] [restartedMain] Initializing Spring embedded WebApplicationContext
2022-09-07 13:32:55,078 [INFO] org.springframework.boot.web.servlet.context.ServletWebServerApplicationContext [restartedMain] Root WebApplicationContext: initialization completed in 328 ms
2022-09-07 13:32:55,190 [INFO] com.sun.jersey.server.impl.application.WebApplicationImpl [restartedMain] Initiating Jersey application, version 'Jersey: 1.19.4 05/24/2017 03:20 PM'
2022-09-07 13:32:55,195 [INFO] com.netflix.discovery.provider.DiscoveryJerseyProvider [restartedMain] Using JSON encoding codec LegacyJacksonJson
2022-09-07 13:32:55,195 [INFO] com.netflix.discovery.provider.DiscoveryJerseyProvider [restartedMain] Using JSON decoding codec LegacyJacksonJson
2022-09-07 13:32:55,195 [INFO] com.netflix.discovery.provider.DiscoveryJerseyProvider [restartedMain] Using XML encoding codec XStreamXml
2022-09-07 13:32:55,195 [INFO] com.netflix.discovery.provider.DiscoveryJerseyProvider [restartedMain] Using XML decoding codec XStreamXml
2022-09-07 13:32:55,939 [INFO] org.springframework.boot.devtools.autoconfigure.OptionalLiveReloadServer [restartedMain] LiveReload server is running on port 35729
2022-09-07 13:32:56,060 [INFO] org.springframework.cloud.netflix.eureka.config.DiscoveryClientOptionalArgsConfiguration [restartedMain] Eureka HTTP Client uses Jersey
2022-09-07 13:32:56,073 [WARN] org.springframework.cloud.loadbalancer.config.LoadBalancerCacheAutoConfiguration$LoadBalancerCaffeineWarnLogger [restartedMain] Spring Cloud LoadBalancer is currently working with the default cache. While this cache implementation is useful for development and tests, it's recommended to use Caffeine cache in production.You can switch to using Caffeine cache, by adding it and org.springframework.cache.caffeine.CaffeineCacheManager to the classpath.
2022-09-07 13:32:56,075 [INFO] org.springframework.cloud.netflix.eureka.InstanceInfoFactory [restartedMain] Setting initial instance status as: STARTING
2022-09-07 13:32:56,075 [INFO] com.netflix.discovery.DiscoveryClient [restartedMain] Initializing Eureka in region us-east-1
2022-09-07 13:32:56,075 [INFO] com.netflix.discovery.DiscoveryClient [restartedMain] Client configured to neither register nor query for data.
2022-09-07 13:32:56,075 [INFO] com.netflix.discovery.DiscoveryClient [restartedMain] Discovery Client initialized at timestamp 1662537776075 with initial instances count: 0
2022-09-07 13:32:56,078 [INFO] com.netflix.eureka.DefaultEurekaServerContext [restartedMain] Initializing ...
2022-09-07 13:32:56,078 [INFO] com.netflix.eureka.cluster.PeerEurekaNodes [restartedMain] Adding new peer nodes [http://localhost:8761/eureka/]
2022-09-07 13:32:56,097 [INFO] com.netflix.discovery.provider.DiscoveryJerseyProvider [restartedMain] Using JSON encoding codec LegacyJacksonJson
2022-09-07 13:32:56,097 [INFO] com.netflix.discovery.provider.DiscoveryJerseyProvider [restartedMain] Using JSON decoding codec LegacyJacksonJson
2022-09-07 13:32:56,097 [INFO] com.netflix.discovery.provider.DiscoveryJerseyProvider [restartedMain] Using XML encoding codec XStreamXml
2022-09-07 13:32:56,097 [INFO] com.netflix.discovery.provider.DiscoveryJerseyProvider [restartedMain] Using XML decoding codec XStreamXml
2022-09-07 13:32:56,142 [WARN] org.springframework.boot.web.servlet.context.AnnotationConfigServletWebServerApplicationContext [restartedMain] Exception encountered during context initialization - cancelling refresh attempt: org.springframework.beans.factory.UnsatisfiedDependencyException: Error creating bean with name 'org.springframework.cloud.netflix.eureka.server.EurekaServerInitializerConfiguration': Unsatisfied dependency expressed through field 'eurekaServerBootstrap'; nested exception is org.springframework.beans.factory.UnsatisfiedDependencyException: Error creating bean with name 'eurekaServerBootstrap' defined in class path resource [org/springframework/cloud/netflix/eureka/server/EurekaServerAutoConfiguration.class]: Unsatisfied dependency expressed through method 'eurekaServerBootstrap' parameter 1; nested exception is org.springframework.beans.factory.BeanCreationException: Error creating bean with name 'eurekaServerContext': Invocation of init method failed; nested exception is java.lang.IllegalStateException: java.util.concurrent.RejectedExecutionException: Task java.util.concurrent.ScheduledThreadPoolExecutor$ScheduledFutureTask@673475e5[Not completed, task = java.util.concurrent.Executors$RunnableAdapter@1ac19020[Wrapped task = com.netflix.servo.monitor.StatsMonitor$$Lambda$1082/0x0000000100811d78@10260835]] rejected from java.util.concurrent.ScheduledThreadPoolExecutor@1ecc4fb9[Terminated, pool size = 0, active threads = 0, queued tasks = 0, completed tasks = 0]
2022-09-07 13:32:56,153 [ERROR] com.netflix.eureka.registry.PeerAwareInstanceRegistryImpl [restartedMain] Cannot shutdown ReplicaAwareInstanceRegistry
java.lang.NullPointerException: Cannot invoke "com.netflix.eureka.cluster.PeerEurekaNodes.shutdown()" because "this.peerEurekaNodes" is null
	at com.netflix.eureka.registry.PeerAwareInstanceRegistryImpl.shutdown(PeerAwareInstanceRegistryImpl.java:176) ~[eureka-core-1.10.17.jar:1.10.17]
	at java.base/jdk.internal.reflect.NativeMethodAccessorImpl.invoke0(Native Method) ~[na:na]
	at java.base/jdk.internal.reflect.NativeMethodAccessorImpl.invoke(NativeMethodAccessorImpl.java:77) ~[na:na]
	at java.base/jdk.internal.reflect.DelegatingMethodAccessorImpl.invoke(DelegatingMethodAccessorImpl.java:43) ~[na:na]
	at java.base/java.lang.reflect.Method.invoke(Method.java:568) ~[na:na]
	at org.springframework.beans.factory.support.DisposableBeanAdapter.invokeCustomDestroyMethod(DisposableBeanAdapter.java:319) ~[spring-beans-5.3.22.jar:5.3.22]
	at org.springframework.beans.factory.support.DisposableBeanAdapter.destroy(DisposableBeanAdapter.java:253) ~[spring-beans-5.3.22.jar:5.3.22]
	at org.springframework.beans.factory.support.DefaultSingletonBeanRegistry.destroyBean(DefaultSingletonBeanRegistry.java:587) ~[spring-beans-5.3.22.jar:5.3.22]
	at org.springframework.beans.factory.support.DefaultSingletonBeanRegistry.destroySingleton(DefaultSingletonBeanRegistry.java:559) ~[spring-beans-5.3.22.jar:5.3.22]
	at org.springframework.beans.factory.support.DefaultListableBeanFactory.destroySingleton(DefaultListableBeanFactory.java:1163) ~[spring-beans-5.3.22.jar:5.3.22]
	at org.springframework.beans.factory.support.DefaultSingletonBeanRegistry.destroySingletons(DefaultSingletonBeanRegistry.java:520) ~[spring-beans-5.3.22.jar:5.3.22]
	at org.springframework.beans.factory.support.DefaultListableBeanFactory.destroySingletons(DefaultListableBeanFactory.java:1156) ~[spring-beans-5.3.22.jar:5.3.22]
	at org.springframework.context.support.AbstractApplicationContext.destroyBeans(AbstractApplicationContext.java:1106) ~[spring-context-5.3.22.jar:5.3.22]
	at org.springframework.context.support.AbstractApplicationContext.refresh(AbstractApplicationContext.java:596) ~[spring-context-5.3.22.jar:5.3.22]
	at org.springframework.boot.web.servlet.context.ServletWebServerApplicationContext.refresh(ServletWebServerApplicationContext.java:147) ~[spring-boot-2.7.2.jar:2.7.2]
	at org.springframework.boot.SpringApplication.refresh(SpringApplication.java:734) ~[spring-boot-2.7.2.jar:2.7.2]
	at org.springframework.boot.SpringApplication.refreshContext(SpringApplication.java:408) ~[spring-boot-2.7.2.jar:2.7.2]
	at org.springframework.boot.SpringApplication.run(SpringApplication.java:308) ~[spring-boot-2.7.2.jar:2.7.2]
	at org.springframework.boot.SpringApplication.run(SpringApplication.java:1306) ~[spring-boot-2.7.2.jar:2.7.2]
	at org.springframework.boot.SpringApplication.run(SpringApplication.java:1295) ~[spring-boot-2.7.2.jar:2.7.2]
	at com.example.demo.DiscoverServiceApplication.main(DiscoverServiceApplication.java:16) ~[classes/:na]
	at java.base/jdk.internal.reflect.NativeMethodAccessorImpl.invoke0(Native Method) ~[na:na]
	at java.base/jdk.internal.reflect.NativeMethodAccessorImpl.invoke(NativeMethodAccessorImpl.java:77) ~[na:na]
	at java.base/jdk.internal.reflect.DelegatingMethodAccessorImpl.invoke(DelegatingMethodAccessorImpl.java:43) ~[na:na]
	at java.base/java.lang.reflect.Method.invoke(Method.java:568) ~[na:na]
	at org.springframework.boot.devtools.restart.RestartLauncher.run(RestartLauncher.java:49) ~[spring-boot-devtools-2.7.2.jar:2.7.2]
2022-09-07 13:32:56,154 [WARN] org.springframework.beans.factory.support.DisposableBeanAdapter [restartedMain] Custom destroy method 'shutdown' on bean with name 'peerAwareInstanceRegistry' threw an exception: java.lang.NullPointerException: Cannot invoke "com.netflix.eureka.registry.ResponseCache.stop()" because "this.responseCache" is null
2022-09-07 13:32:56,156 [INFO] com.netflix.discovery.DiscoveryClient [restartedMain] Shutting down DiscoveryClient ...
2022-09-07 13:32:56,164 [INFO] com.netflix.discovery.DiscoveryClient [restartedMain] Completed shut down of DiscoveryClient
2022-09-07 13:32:56,165 [INFO] org.apache.catalina.core.StandardService [restartedMain] Stopping service [Tomcat]
2022-09-07 13:32:56,176 [INFO] org.springframework.boot.autoconfigure.logging.ConditionEvaluationReportLoggingListener [restartedMain] 

Error starting ApplicationContext. To display the conditions report re-run your application with 'debug' enabled.
2022-09-07 13:32:56,195 [ERROR] org.springframework.boot.SpringApplication [restartedMain] Application run failed
org.springframework.beans.factory.UnsatisfiedDependencyException: Error creating bean with name 'org.springframework.cloud.netflix.eureka.server.EurekaServerInitializerConfiguration': Unsatisfied dependency expressed through field 'eurekaServerBootstrap'; nested exception is org.springframework.beans.factory.UnsatisfiedDependencyException: Error creating bean with name 'eurekaServerBootstrap' defined in class path resource [org/springframework/cloud/netflix/eureka/server/EurekaServerAutoConfiguration.class]: Unsatisfied dependency expressed through method 'eurekaServerBootstrap' parameter 1; nested exception is org.springframework.beans.factory.BeanCreationException: Error creating bean with name 'eurekaServerContext': Invocation of init method failed; nested exception is java.lang.IllegalStateException: java.util.concurrent.RejectedExecutionException: Task java.util.concurrent.ScheduledThreadPoolExecutor$ScheduledFutureTask@673475e5[Not completed, task = java.util.concurrent.Executors$RunnableAdapter@1ac19020[Wrapped task = com.netflix.servo.monitor.StatsMonitor$$Lambda$1082/0x0000000100811d78@10260835]] rejected from java.util.concurrent.ScheduledThreadPoolExecutor@1ecc4fb9[Terminated, pool size = 0, active threads = 0, queued tasks = 0, completed tasks = 0]
	at org.springframework.beans.factory.annotation.AutowiredAnnotationBeanPostProcessor$AutowiredFieldElement.resolveFieldValue(AutowiredAnnotationBeanPostProcessor.java:659) ~[spring-beans-5.3.22.jar:5.3.22]
	at org.springframework.beans.factory.annotation.AutowiredAnnotationBeanPostProcessor$AutowiredFieldElement.inject(AutowiredAnnotationBeanPostProcessor.java:639) ~[spring-beans-5.3.22.jar:5.3.22]
	at org.springframework.beans.factory.annotation.InjectionMetadata.inject(InjectionMetadata.java:119) ~[spring-beans-5.3.22.jar:5.3.22]
	at org.springframework.beans.factory.annotation.AutowiredAnnotationBeanPostProcessor.postProcessProperties(AutowiredAnnotationBeanPostProcessor.java:399) ~[spring-beans-5.3.22.jar:5.3.22]
	at org.springframework.beans.factory.support.AbstractAutowireCapableBeanFactory.populateBean(AbstractAutowireCapableBeanFactory.java:1431) ~[spring-beans-5.3.22.jar:5.3.22]
	at org.springframework.beans.factory.support.AbstractAutowireCapableBeanFactory.doCreateBean(AbstractAutowireCapableBeanFactory.java:619) ~[spring-beans-5.3.22.jar:5.3.22]
	at org.springframework.beans.factory.support.AbstractAutowireCapableBeanFactory.createBean(AbstractAutowireCapableBeanFactory.java:542) ~[spring-beans-5.3.22.jar:5.3.22]
	at org.springframework.beans.factory.support.AbstractBeanFactory.lambda$doGetBean$0(AbstractBeanFactory.java:335) ~[spring-beans-5.3.22.jar:5.3.22]
	at org.springframework.beans.factory.support.DefaultSingletonBeanRegistry.getSingleton(DefaultSingletonBeanRegistry.java:234) ~[spring-beans-5.3.22.jar:5.3.22]
	at org.springframework.beans.factory.support.AbstractBeanFactory.doGetBean(AbstractBeanFactory.java:333) ~[spring-beans-5.3.22.jar:5.3.22]
	at org.springframework.beans.factory.support.AbstractBeanFactory.getBean(AbstractBeanFactory.java:208) ~[spring-beans-5.3.22.jar:5.3.22]
	at org.springframework.beans.factory.support.DefaultListableBeanFactory.preInstantiateSingletons(DefaultListableBeanFactory.java:955) ~[spring-beans-5.3.22.jar:5.3.22]
	at org.springframework.context.support.AbstractApplicationContext.finishBeanFactoryInitialization(AbstractApplicationContext.java:918) ~[spring-context-5.3.22.jar:5.3.22]
	at org.springframework.context.support.AbstractApplicationContext.refresh(AbstractApplicationContext.java:583) ~[spring-context-5.3.22.jar:5.3.22]
	at org.springframework.boot.web.servlet.context.ServletWebServerApplicationContext.refresh(ServletWebServerApplicationContext.java:147) ~[spring-boot-2.7.2.jar:2.7.2]
	at org.springframework.boot.SpringApplication.refresh(SpringApplication.java:734) ~[spring-boot-2.7.2.jar:2.7.2]
	at org.springframework.boot.SpringApplication.refreshContext(SpringApplication.java:408) ~[spring-boot-2.7.2.jar:2.7.2]
	at org.springframework.boot.SpringApplication.run(SpringApplication.java:308) ~[spring-boot-2.7.2.jar:2.7.2]
	at org.springframework.boot.SpringApplication.run(SpringApplication.java:1306) ~[spring-boot-2.7.2.jar:2.7.2]
	at org.springframework.boot.SpringApplication.run(SpringApplication.java:1295) ~[spring-boot-2.7.2.jar:2.7.2]
	at com.example.demo.DiscoverServiceApplication.main(DiscoverServiceApplication.java:16) ~[classes/:na]
	at java.base/jdk.internal.reflect.NativeMethodAccessorImpl.invoke0(Native Method) ~[na:na]
	at java.base/jdk.internal.reflect.NativeMethodAccessorImpl.invoke(NativeMethodAccessorImpl.java:77) ~[na:na]
	at java.base/jdk.internal.reflect.DelegatingMethodAccessorImpl.invoke(DelegatingMethodAccessorImpl.java:43) ~[na:na]
	at java.base/java.lang.reflect.Method.invoke(Method.java:568) ~[na:na]
	at org.springframework.boot.devtools.restart.RestartLauncher.run(RestartLauncher.java:49) ~[spring-boot-devtools-2.7.2.jar:2.7.2]
Caused by: org.springframework.beans.factory.UnsatisfiedDependencyException: Error creating bean with name 'eurekaServerBootstrap' defined in class path resource [org/springframework/cloud/netflix/eureka/server/EurekaServerAutoConfiguration.class]: Unsatisfied dependency expressed through method 'eurekaServerBootstrap' parameter 1; nested exception is org.springframework.beans.factory.BeanCreationException: Error creating bean with name 'eurekaServerContext': Invocation of init method failed; nested exception is java.lang.IllegalStateException: java.util.concurrent.RejectedExecutionException: Task java.util.concurrent.ScheduledThreadPoolExecutor$ScheduledFutureTask@673475e5[Not completed, task = java.util.concurrent.Executors$RunnableAdapter@1ac19020[Wrapped task = com.netflix.servo.monitor.StatsMonitor$$Lambda$1082/0x0000000100811d78@10260835]] rejected from java.util.concurrent.ScheduledThreadPoolExecutor@1ecc4fb9[Terminated, pool size = 0, active threads = 0, queued tasks = 0, completed tasks = 0]
	at org.springframework.beans.factory.support.ConstructorResolver.createArgumentArray(ConstructorResolver.java:800) ~[spring-beans-5.3.22.jar:5.3.22]
	at org.springframework.beans.factory.support.ConstructorResolver.instantiateUsingFactoryMethod(ConstructorResolver.java:541) ~[spring-beans-5.3.22.jar:5.3.22]
	at org.springframework.beans.factory.support.AbstractAutowireCapableBeanFactory.instantiateUsingFactoryMethod(AbstractAutowireCapableBeanFactory.java:1352) ~[spring-beans-5.3.22.jar:5.3.22]
	at org.springframework.beans.factory.support.AbstractAutowireCapableBeanFactory.createBeanInstance(AbstractAutowireCapableBeanFactory.java:1195) ~[spring-beans-5.3.22.jar:5.3.22]
	at org.springframework.beans.factory.support.AbstractAutowireCapableBeanFactory.doCreateBean(AbstractAutowireCapableBeanFactory.java:582) ~[spring-beans-5.3.22.jar:5.3.22]
	at org.springframework.beans.factory.support.AbstractAutowireCapableBeanFactory.createBean(AbstractAutowireCapableBeanFactory.java:542) ~[spring-beans-5.3.22.jar:5.3.22]
	at org.springframework.beans.factory.support.AbstractBeanFactory.lambda$doGetBean$0(AbstractBeanFactory.java:335) ~[spring-beans-5.3.22.jar:5.3.22]
	at org.springframework.beans.factory.support.DefaultSingletonBeanRegistry.getSingleton(DefaultSingletonBeanRegistry.java:234) ~[spring-beans-5.3.22.jar:5.3.22]
	at org.springframework.beans.factory.support.AbstractBeanFactory.doGetBean(AbstractBeanFactory.java:333) ~[spring-beans-5.3.22.jar:5.3.22]
	at org.springframework.beans.factory.support.AbstractBeanFactory.getBean(AbstractBeanFactory.java:208) ~[spring-beans-5.3.22.jar:5.3.22]
	at org.springframework.beans.factory.config.DependencyDescriptor.resolveCandidate(DependencyDescriptor.java:276) ~[spring-beans-5.3.22.jar:5.3.22]
	at org.springframework.beans.factory.support.DefaultListableBeanFactory.doResolveDependency(DefaultListableBeanFactory.java:1391) ~[spring-beans-5.3.22.jar:5.3.22]
	at org.springframework.beans.factory.support.DefaultListableBeanFactory.resolveDependency(DefaultListableBeanFactory.java:1311) ~[spring-beans-5.3.22.jar:5.3.22]
	at org.springframework.beans.factory.annotation.AutowiredAnnotationBeanPostProcessor$AutowiredFieldElement.resolveFieldValue(AutowiredAnnotationBeanPostProcessor.java:656) ~[spring-beans-5.3.22.jar:5.3.22]
	... 25 common frames omitted
Caused by: org.springframework.beans.factory.BeanCreationException: Error creating bean with name 'eurekaServerContext': Invocation of init method failed; nested exception is java.lang.IllegalStateException: java.util.concurrent.RejectedExecutionException: Task java.util.concurrent.ScheduledThreadPoolExecutor$ScheduledFutureTask@673475e5[Not completed, task = java.util.concurrent.Executors$RunnableAdapter@1ac19020[Wrapped task = com.netflix.servo.monitor.StatsMonitor$$Lambda$1082/0x0000000100811d78@10260835]] rejected from java.util.concurrent.ScheduledThreadPoolExecutor@1ecc4fb9[Terminated, pool size = 0, active threads = 0, queued tasks = 0, completed tasks = 0]
	at org.springframework.beans.factory.annotation.InitDestroyAnnotationBeanPostProcessor.postProcessBeforeInitialization(InitDestroyAnnotationBeanPostProcessor.java:160) ~[spring-beans-5.3.22.jar:5.3.22]
	at org.springframework.beans.factory.support.AbstractAutowireCapableBeanFactory.applyBeanPostProcessorsBeforeInitialization(AbstractAutowireCapableBeanFactory.java:440) ~[spring-beans-5.3.22.jar:5.3.22]
	at org.springframework.beans.factory.support.AbstractAutowireCapableBeanFactory.initializeBean(AbstractAutowireCapableBeanFactory.java:1796) ~[spring-beans-5.3.22.jar:5.3.22]
	at org.springframework.beans.factory.support.AbstractAutowireCapableBeanFactory.doCreateBean(AbstractAutowireCapableBeanFactory.java:620) ~[spring-beans-5.3.22.jar:5.3.22]
	at org.springframework.beans.factory.support.AbstractAutowireCapableBeanFactory.createBean(AbstractAutowireCapableBeanFactory.java:542) ~[spring-beans-5.3.22.jar:5.3.22]
	at org.springframework.beans.factory.support.AbstractBeanFactory.lambda$doGetBean$0(AbstractBeanFactory.java:335) ~[spring-beans-5.3.22.jar:5.3.22]
	at org.springframework.beans.factory.support.DefaultSingletonBeanRegistry.getSingleton(DefaultSingletonBeanRegistry.java:234) ~[spring-beans-5.3.22.jar:5.3.22]
	at org.springframework.beans.factory.support.AbstractBeanFactory.doGetBean(AbstractBeanFactory.java:333) ~[spring-beans-5.3.22.jar:5.3.22]
	at org.springframework.beans.factory.support.AbstractBeanFactory.getBean(AbstractBeanFactory.java:208) ~[spring-beans-5.3.22.jar:5.3.22]
	at org.springframework.beans.factory.config.DependencyDescriptor.resolveCandidate(DependencyDescriptor.java:276) ~[spring-beans-5.3.22.jar:5.3.22]
	at org.springframework.beans.factory.support.DefaultListableBeanFactory.doResolveDependency(DefaultListableBeanFactory.java:1391) ~[spring-beans-5.3.22.jar:5.3.22]
	at org.springframework.beans.factory.support.DefaultListableBeanFactory.resolveDependency(DefaultListableBeanFactory.java:1311) ~[spring-beans-5.3.22.jar:5.3.22]
	at org.springframework.beans.factory.support.ConstructorResolver.resolveAutowiredArgument(ConstructorResolver.java:887) ~[spring-beans-5.3.22.jar:5.3.22]
	at org.springframework.beans.factory.support.ConstructorResolver.createArgumentArray(ConstructorResolver.java:791) ~[spring-beans-5.3.22.jar:5.3.22]
	... 38 common frames omitted
Caused by: java.lang.IllegalStateException: java.util.concurrent.RejectedExecutionException: Task java.util.concurrent.ScheduledThreadPoolExecutor$ScheduledFutureTask@673475e5[Not completed, task = java.util.concurrent.Executors$RunnableAdapter@1ac19020[Wrapped task = com.netflix.servo.monitor.StatsMonitor$$Lambda$1082/0x0000000100811d78@10260835]] rejected from java.util.concurrent.ScheduledThreadPoolExecutor@1ecc4fb9[Terminated, pool size = 0, active threads = 0, queued tasks = 0, completed tasks = 0]
	at com.netflix.eureka.cluster.PeerEurekaNodes.start(PeerEurekaNodes.java:106) ~[eureka-core-1.10.17.jar:1.10.17]
	at com.netflix.eureka.DefaultEurekaServerContext.initialize(DefaultEurekaServerContext.java:67) ~[eureka-core-1.10.17.jar:1.10.17]
	at java.base/jdk.internal.reflect.NativeMethodAccessorImpl.invoke0(Native Method) ~[na:na]
	at java.base/jdk.internal.reflect.NativeMethodAccessorImpl.invoke(NativeMethodAccessorImpl.java:77) ~[na:na]
	at java.base/jdk.internal.reflect.DelegatingMethodAccessorImpl.invoke(DelegatingMethodAccessorImpl.java:43) ~[na:na]
	at java.base/java.lang.reflect.Method.invoke(Method.java:568) ~[na:na]
	at org.springframework.beans.factory.annotation.InitDestroyAnnotationBeanPostProcessor$LifecycleElement.invoke(InitDestroyAnnotationBeanPostProcessor.java:389) ~[spring-beans-5.3.22.jar:5.3.22]
	at org.springframework.beans.factory.annotation.InitDestroyAnnotationBeanPostProcessor$LifecycleMetadata.invokeInitMethods(InitDestroyAnnotationBeanPostProcessor.java:333) ~[spring-beans-5.3.22.jar:5.3.22]
	at org.springframework.beans.factory.annotation.InitDestroyAnnotationBeanPostProcessor.postProcessBeforeInitialization(InitDestroyAnnotationBeanPostProcessor.java:157) ~[spring-beans-5.3.22.jar:5.3.22]
	... 51 common frames omitted
Caused by: java.util.concurrent.RejectedExecutionException: Task java.util.concurrent.ScheduledThreadPoolExecutor$ScheduledFutureTask@673475e5[Not completed, task = java.util.concurrent.Executors$RunnableAdapter@1ac19020[Wrapped task = com.netflix.servo.monitor.StatsMonitor$$Lambda$1082/0x0000000100811d78@10260835]] rejected from java.util.concurrent.ScheduledThreadPoolExecutor@1ecc4fb9[Terminated, pool size = 0, active threads = 0, queued tasks = 0, completed tasks = 0]
	at java.base/java.util.concurrent.ThreadPoolExecutor$AbortPolicy.rejectedExecution(ThreadPoolExecutor.java:2065) ~[na:na]
	at java.base/java.util.concurrent.ThreadPoolExecutor.reject(ThreadPoolExecutor.java:833) ~[na:na]
	at java.base/java.util.concurrent.ScheduledThreadPoolExecutor.delayedExecute(ScheduledThreadPoolExecutor.java:340) ~[na:na]
	at java.base/java.util.concurrent.ScheduledThreadPoolExecutor.scheduleWithFixedDelay(ScheduledThreadPoolExecutor.java:680) ~[na:na]
	at com.netflix.servo.monitor.StatsMonitor.startComputingStats(StatsMonitor.java:409) ~[servo-core-0.12.21.jar:0.12.21]
	at com.netflix.servo.monitor.StatsMonitor.lambda$new$0(StatsMonitor.java:365) ~[servo-core-0.12.21.jar:0.12.21]
	at com.netflix.servo.monitor.StatsMonitor.startComputingStats(StatsMonitor.java:377) ~[servo-core-0.12.21.jar:0.12.21]
	at com.netflix.servo.monitor.StatsTimer.<init>(StatsTimer.java:70) ~[servo-core-0.12.21.jar:0.12.21]
	at com.netflix.servo.monitor.StatsTimer.<init>(StatsTimer.java:47) ~[servo-core-0.12.21.jar:0.12.21]
	at com.netflix.eureka.util.batcher.AcceptorExecutor.<init>(AcceptorExecutor.java:116) ~[eureka-core-1.10.17.jar:1.10.17]
	at com.netflix.eureka.util.batcher.TaskDispatchers.createBatchingTaskDispatcher(TaskDispatchers.java:43) ~[eureka-core-1.10.17.jar:1.10.17]
	at com.netflix.eureka.cluster.PeerEurekaNode.<init>(PeerEurekaNode.java:104) ~[eureka-core-1.10.17.jar:1.10.17]
	at com.netflix.eureka.cluster.PeerEurekaNode.<init>(PeerEurekaNode.java:87) ~[eureka-core-1.10.17.jar:1.10.17]
	at org.springframework.cloud.netflix.eureka.server.EurekaServerAutoConfiguration$RefreshablePeerEurekaNodes.createPeerEurekaNode(EurekaServerAutoConfiguration.java:297) ~[spring-cloud-netflix-eureka-server-3.1.3.jar:3.1.3]
	at com.netflix.eureka.cluster.PeerEurekaNodes.updatePeerEurekaNodes(PeerEurekaNodes.java:189) ~[eureka-core-1.10.17.jar:1.10.17]
	at com.netflix.eureka.cluster.PeerEurekaNodes.start(PeerEurekaNodes.java:87) ~[eureka-core-1.10.17.jar:1.10.17]
	... 59 common frames omitted
